<?xml version="1.0" encoding="UTF-8"?>
<!-- Generated by org.testng.reporters.JUnitXMLReporter -->
<testsuite ignored="0" hostname="Basils-Notebook" failures="0" tests="3" name="WebTest" time="26.812" errors="0" timestamp="2021-06-07T17:43:04 IST">
  <testcase classname="demo.runner.TestRunner" name="feature" time="6.459"/>
  <testcase classname="demo.runner.TestRunner" name="feature" time="5.809"/>
  <testcase classname="demo.runner.TestRunner" name="feature" time="4.962"/>
</testsuite> <!-- WebTest -->
