<?xml version="1.0" encoding="UTF-8"?>
<testng-results ignored="0" total="1" passed="1" failed="0" skipped="0">
  <reporter-output>
  </reporter-output>
  <suite started-at="2021-06-07T17:44:16 IST" name="Suite" finished-at="2021-06-07T17:44:41 IST" duration-ms="24755">
    <groups>
      <group name="cucumber">
        <method signature="TestRunner.feature(io.cucumber.testng.PickleWrapper,io.cucumber.testng.FeatureWrapper)[pri:0, instance:demo.runner.TestRunner@51c668e3]" name="feature" class="demo.runner.TestRunner"/>
      </group> <!-- cucumber -->
    </groups>
    <test started-at="2021-06-07T17:44:16 IST" name="Mobile Test" finished-at="2021-06-07T17:44:41 IST" duration-ms="24755">
      <class name="demo.runner.TestRunner">
        <test-method is-config="true" signature="setUpCucumber()[pri:0, instance:demo.runner.TestRunner@51c668e3]" started-at="2021-06-07T17:44:16 IST" name="setUpCucumber" finished-at="2021-06-07T17:44:17 IST" duration-ms="587" status="PASS">
          <reporter-output>
          </reporter-output>
        </test-method> <!-- setUpCucumber -->
        <test-method is-config="true" signature="setUpClass(java.lang.String,java.lang.String,java.lang.String,java.lang.String,java.lang.String,java.lang.String,java.lang.String)[pri:0, instance:demo.runner.TestRunner@51c668e3]" started-at="2021-06-07T17:44:17 IST" name="setUpClass" finished-at="2021-06-07T17:44:36 IST" duration-ms="18765" status="PASS">
          <params>
            <param index="0">
              <value>
                <![CDATA[Moto G4 Plus]]>
              </value>
            </param>
            <param index="1">
              <value>
                <![CDATA[ZY223SQGTN]]>
              </value>
            </param>
            <param index="2">
              <value>
                <![CDATA[Android]]>
              </value>
            </param>
            <param index="3">
              <value>
                <![CDATA[7]]>
              </value>
            </param>
            <param index="4">
              <value>
                <![CDATA[io.selendroid.testapp]]>
              </value>
            </param>
            <param index="5">
              <value>
                <![CDATA[io.selendroid.testapp.HomeScreenActivity]]>
              </value>
            </param>
            <param index="6">
              <value is-null="true"/>
            </param>
          </params>
          <reporter-output>
          </reporter-output>
        </test-method> <!-- setUpClass -->
        <test-method signature="feature(io.cucumber.testng.PickleWrapper,io.cucumber.testng.FeatureWrapper)[pri:0, instance:demo.runner.TestRunner@51c668e3]" started-at="2021-06-07T17:44:36 IST" name="feature" description="Runs Cucumber Feature" data-provider="scenarios" finished-at="2021-06-07T17:44:38 IST" duration-ms="1984" status="PASS">
          <params>
            <param index="0">
              <value>
                <![CDATA["verify"]]>
              </value>
            </param>
            <param index="1">
              <value>
                <![CDATA["Optional[Mobile Automation cases]"]]>
              </value>
            </param>
          </params>
          <reporter-output>
          </reporter-output>
        </test-method> <!-- feature -->
        <test-method is-config="true" signature="tearDown()[pri:0, instance:demo.runner.TestRunner@51c668e3]" started-at="2021-06-07T17:44:38 IST" name="tearDown" finished-at="2021-06-07T17:44:39 IST" duration-ms="1366" status="PASS">
          <reporter-output>
          </reporter-output>
        </test-method> <!-- tearDown -->
        <test-method is-config="true" signature="tearDownClass()[pri:0, instance:demo.runner.TestRunner@51c668e3]" started-at="2021-06-07T17:44:39 IST" name="tearDownClass" finished-at="2021-06-07T17:44:41 IST" duration-ms="2008" status="PASS">
          <reporter-output>
          </reporter-output>
        </test-method> <!-- tearDownClass -->
      </class> <!-- demo.runner.TestRunner -->
    </test> <!-- Mobile Test -->
  </suite> <!-- Suite -->
</testng-results>
